<?xml version="1.0" encoding="utf-8"?><testsuites name="pytest tests"><testsuite name="pytest" errors="0" failures="0" skipped="0" tests="24" time="22.778" timestamp="2026-02-12T15:46:41.111265+00:00" hostname="agent-env-d9a80d87-ce03-45a4-824c-a272e2fafd93"><testcase classname="backend.tests.test_mygeneportal_api.TestHealthCheck" name="test_api_root" time="0.986" /><testcase classname="backend.tests.test_mygeneportal_api.TestHealthCheck" name="test_health_endpoint" time="0.879" /><testcase classname="backend.tests.test_mygeneportal_api.TestTestsAPI" name="test_get_all_tests" time="0.854" /><testcase classname="backend.tests.test_mygeneportal_api.TestTestsAPI" name="test_get_popular_tests" time="1.026" /><testcase classname="backend.tests.test_mygeneportal_api.TestTestsAPI" name="test_get_tests_by_category" time="0.871" /><testcase classname="backend.tests.test_mygeneportal_api.TestTestsAPI" name="test_get_single_test" time="0.755" /><testcase classname="backend.tests.test_mygeneportal_api.TestTestsAPI" name="test_get_nonexistent_test" time="0.938" /><testcase classname="backend.tests.test_mygeneportal_api.TestCouponVerification" name="test_verify_mygene5_coupon" time="0.767" /><testcase classname="backend.tests.test_mygeneportal_api.TestCouponVerification" name="test_verify_mygene10_coupon" time="0.922" /><testcase classname="backend.tests.test_mygeneportal_api.TestCouponVerification" name="test_mygene10_below_minimum" time="0.710" /><testcase classname="backend.tests.test_mygeneportal_api.TestCouponVerification" name="test_verify_firstorder_coupon" time="0.668" /><testcase classname="backend.tests.test_mygeneportal_api.TestCouponVerification" name="test_invalid_coupon" time="0.729" /><testcase classname="backend.tests.test_mygeneportal_api.TestLeadsAPI" name="test_create_lead" time="0.690" /><testcase classname="backend.tests.test_mygeneportal_api.TestLeadsAPI" name="test_get_all_leads" time="0.984" /><testcase classname="backend.tests.test_mygeneportal_api.TestOrdersAPI" name="test_create_order" time="0.894" /><testcase classname="backend.tests.test_mygeneportal_api.TestOrdersAPI" name="test_get_all_orders" time="0.898" /><testcase classname="backend.tests.test_mygeneportal_api.TestOrdersAPI" name="test_order_creates_sample_tracking" time="1.816" /><testcase classname="backend.tests.test_mygeneportal_api.TestSampleTrackingAPI" name="test_track_nonexistent_sample" time="0.928" /><testcase classname="backend.tests.test_mygeneportal_api.TestSampleTrackingAPI" name="test_track_existing_sample" time="1.872" /><testcase classname="backend.tests.test_mygeneportal_api.TestBlogAPI" name="test_get_all_blog_posts" time="0.874" /><testcase classname="backend.tests.test_mygeneportal_api.TestBlogAPI" name="test_get_single_blog_post" time="0.891" /><testcase classname="backend.tests.test_mygeneportal_api.TestHealthCategoriesAPI" name="test_get_health_categories" time="0.670" /><testcase classname="backend.tests.test_mygeneportal_api.TestTestimonialsAPI" name="test_get_testimonials" time="0.919" /><testcase classname="backend.tests.test_mygeneportal_api.TestCouponsAPI" name="test_get_active_coupons" time="0.706" /></testsuite></testsuites>